[35m[1mConsolidate compiler generated dependencies of target wall_follow_node[0m
[ 50%] [32mBuilding CXX object CMakeFiles/wall_follow_node.dir/src/wall_follow_node.cpp.o[0m
[01m[K/home/gsq/AV-F1TENTH-Labs/lab3_ws/src/wall_follow_node/src/wall_follow_node.cpp:[m[K In member function â€˜[01m[Kdouble PIDController::GetSteeringAngle(double)[m[Kâ€™:
[01m[K/home/gsq/AV-F1TENTH-Labs/lab3_ws/src/wall_follow_node/src/wall_follow_node.cpp:55:25:[m[K [01;31m[Kerror: [m[Kexpected initializer before â€˜[01m[K+=[m[Kâ€™ token
   55 |         double integral [01;31m[K+=[m[K ki_ * integral_;
      |                         [01;31m[K^~[m[K
[01m[K/home/gsq/AV-F1TENTH-Labs/lab3_ws/src/wall_follow_node/src/wall_follow_node.cpp:60:30:[m[K [01;31m[Kerror: [m[Kâ€˜[01m[Kintegral[m[Kâ€™ was not declared in this scope; did you mean â€˜[01m[Kintegral_[m[Kâ€™?
   60 |         return propotional + [01;31m[Kintegral[m[K + derivative;
      |                              [01;31m[K^~~~~~~~[m[K
      |                              [32m[Kintegral_[m[K
[01m[K/home/gsq/AV-F1TENTH-Labs/lab3_ws/src/wall_follow_node/src/wall_follow_node.cpp:[m[K In member function â€˜[01m[Kdouble WallFollow::get_range(float*, double)[m[Kâ€™:
[01m[K/home/gsq/AV-F1TENTH-Labs/lab3_ws/src/wall_follow_node/src/wall_follow_node.cpp:136:33:[m[K [01;35m[Kwarning: [m[Kcomparison of integer expressions of different signedness: â€˜[01m[Kint[m[Kâ€™ and â€˜[01m[Kstd::vector<float>::size_type[m[Kâ€™ {aka â€˜[01m[Klong unsigned int[m[Kâ€™} [[01;35m[K]8;;https://gcc.gnu.org/onlinedocs/gcc/Warning-Options.html#index-Wsign-compare-Wsign-compare]8;;[m[K]
  136 |         if (index >= 0 && [01;35m[Kindex < laser_scan_msg->ranges.size()[m[K) {
      |                           [01;35m[K~~~~~~^~~~~~~~~~~~~~~~~~~~~~~~~~~~~~~[m[K
[01m[K/home/gsq/AV-F1TENTH-Labs/lab3_ws/src/wall_follow_node/src/wall_follow_node.cpp:[m[K In member function â€˜[01m[Kdouble WallFollow::get_error(const float*, double)[m[Kâ€™:
[01m[K/home/gsq/AV-F1TENTH-Labs/lab3_ws/src/wall_follow_node/src/wall_follow_node.cpp:157:39:[m[K [01;31m[Kerror: [m[Kinvalid conversion from â€˜[01m[Kconst float*[m[Kâ€™ to â€˜[01m[Kfloat*[m[Kâ€™ [[01;31m[K]8;;https://gcc.gnu.org/onlinedocs/gcc/Warning-Options.html#index-fpermissive-fpermissive]8;;[m[K]
  157 |        double b_distance = get_range([01;31m[Krange_data[m[K, HALF_PI);
      |                                      [01;31m[K^~~~~~~~~~[m[K
      |                                      [01;31m[K|[m[K
      |                                      [01;31m[Kconst float*[m[K

[01m[K/home/gsq/AV-F1TENTH-Labs/lab3_ws/src/wall_follow_node/src/wall_follow_node.cpp:121:29:[m[K [01;36m[Knote: [m[K  initializing argument 1 of â€˜[01m[Kdouble WallFollow::get_range(float*, double)[m[Kâ€™
  121 |     double get_range([01;36m[Kfloat* range_data[m[K, double angle) {
      |                      [01;36m[K~~~~~~~^~~~~~~~~~[m[K
[01m[K/home/gsq/AV-F1TENTH-Labs/lab3_ws/src/wall_follow_node/src/wall_follow_node.cpp:158:39:[m[K [01;31m[Kerror: [m[Kinvalid conversion from â€˜[01m[Kconst float*[m[Kâ€™ to â€˜[01m[Kfloat*[m[Kâ€™ [[01;31m[K]8;;https://gcc.gnu.org/onlinedocs/gcc/Warning-Options.html#index-fpermissive-fpermissive]8;;[m[K]
  158 |        double a_distance = get_range([01;31m[Krange_data[m[K, HALF_PI - theta);
      |                                      [01;31m[K^~~~~~~~~~[m[K
      |                                      [01;31m[K|[m[K
      |                                      [01;31m[Kconst float*[m[K

[01m[K/home/gsq/AV-F1TENTH-Labs/lab3_ws/src/wall_follow_node/src/wall_follow_node.cpp:121:29:[m[K [01;36m[Knote: [m[K  initializing argument 1 of â€˜[01m[Kdouble WallFollow::get_range(float*, double)[m[Kâ€™
  121 |     double get_range([01;36m[Kfloat* range_data[m[K, double angle) {
      |                      [01;36m[K~~~~~~~^~~~~~~~~~[m[K
[01m[K/home/gsq/AV-F1TENTH-Labs/lab3_ws/src/wall_follow_node/src/wall_follow_node.cpp:159:13:[m[K [01;31m[Kerror: [m[Kâ€˜[01m[Kisnan[m[Kâ€™ was not declared in this scope; did you mean â€˜[01m[Kstd::isnan[m[Kâ€™?
  159 |         if ([01;31m[Kisnan[m[K(a_distance) || isnan(b_distance)) return;
      |             [01;31m[K^~~~~[m[K
      |             [32m[Kstd::isnan[m[K
In file included from [01m[K/opt/ros/humble/include/libstatistics_collector/libstatistics_collector/moving_average_statistics/types.hpp:18[m[K,
                 from [01m[K/opt/ros/humble/include/libstatistics_collector/libstatistics_collector/collector/generate_statistics_message.hpp:24[m[K,
                 from [01m[K/opt/ros/humble/include/rclcpp/rclcpp/topic_statistics/subscription_topic_statistics.hpp:23[m[K,
                 from [01m[K/opt/ros/humble/include/rclcpp/rclcpp/subscription.hpp:50[m[K,
                 from [01m[K/opt/ros/humble/include/rclcpp/rclcpp/any_executable.hpp:25[m[K,
                 from [01m[K/opt/ros/humble/include/rclcpp/rclcpp/memory_strategy.hpp:25[m[K,
                 from [01m[K/opt/ros/humble/include/rclcpp/rclcpp/memory_strategies.hpp:18[m[K,
                 from [01m[K/opt/ros/humble/include/rclcpp/rclcpp/executor_options.hpp:20[m[K,
                 from [01m[K/opt/ros/humble/include/rclcpp/rclcpp/executor.hpp:37[m[K,
                 from [01m[K/opt/ros/humble/include/rclcpp/rclcpp/executors/multi_threaded_executor.hpp:25[m[K,
                 from [01m[K/opt/ros/humble/include/rclcpp/rclcpp/executors.hpp:21[m[K,
                 from [01m[K/opt/ros/humble/include/rclcpp/rclcpp/rclcpp.hpp:155[m[K,
                 from [01m[K/home/gsq/AV-F1TENTH-Labs/lab3_ws/src/wall_follow_node/src/wall_follow_node.cpp:5[m[K:
[01m[K/usr/include/c++/11/cmath:632:5:[m[K [01;36m[Knote: [m[Kâ€˜[01m[Kstd::isnan[m[Kâ€™ declared here
  632 |     [01;36m[Kisnan[m[K(_Tp __x)
      |     [01;36m[K^~~~~[m[K
[01m[K/home/gsq/AV-F1TENTH-Labs/lab3_ws/src/wall_follow_node/src/wall_follow_node.cpp:159:53:[m[K [01;31m[Kerror: [m[Kreturn-statement with no value, in function returning â€˜[01m[Kdouble[m[Kâ€™ [[01;31m[K]8;;https://gcc.gnu.org/onlinedocs/gcc/Warning-Options.html#index-fpermissive-fpermissive]8;;[m[K]
  159 | (isnan(a_distance) || isnan(b_distance)) [01;31m[Kreturn[m[K;
      |                                          [01;31m[K^~~~~~[m[K

gmake[2]: *** [CMakeFiles/wall_follow_node.dir/build.make:76: CMakeFiles/wall_follow_node.dir/src/wall_follow_node.cpp.o] Error 1
gmake[1]: *** [CMakeFiles/Makefile2:137: CMakeFiles/wall_follow_node.dir/all] Error 2
gmake: *** [Makefile:146: all] Error 2
