[0.011s] Invoking command in '/home/gsq/AV-F1TENTH-Labs/lab3_ws/build/wall_follow': CMAKE_PREFIX_PATH=${CMAKE_PREFIX_PATH}:/opt/ros/humble /usr/bin/cmake --build /home/gsq/AV-F1TENTH-Labs/lab3_ws/build/wall_follow -- -j12 -l12
[0.047s] [35m[1mConsolidate compiler generated dependencies of target wall_follow_node[0m
[0.065s] [ 50%] [32mBuilding CXX object CMakeFiles/wall_follow_node.dir/src/wall_follow_node.cpp.o[0m
[2.070s] [01m[K/home/gsq/AV-F1TENTH-Labs/lab3_ws/src/wall_follow_node/src/wall_follow_node.cpp:[m[K In constructor â€˜[01m[KWallFollow::WallFollow()[m[Kâ€™:
[2.070s] [01m[K/home/gsq/AV-F1TENTH-Labs/lab3_ws/src/wall_follow_node/src/wall_follow_node.cpp:13:86:[m[K [01;31m[Kerror: [m[Kâ€˜[01m[KSafety[m[Kâ€™ has not been declared
[2.070s]    13 |                                                           std::bind(&[01;31m[KSafety[m[K::scan_callback, this, _1));
[2.070s]       |                                                                      [01;31m[K^~~~~~[m[K
[2.070s] 
[2.070s] [01m[K/home/gsq/AV-F1TENTH-Labs/lab3_ws/src/wall_follow_node/src/wall_follow_node.cpp:13:115:[m[K [01;31m[Kerror: [m[Kâ€˜[01m[K_1[m[Kâ€™ was not declared in this scope; did you mean â€˜[01m[Kstd::placeholders::_1[m[Kâ€™?
[2.070s]    13 |                                    std::bind(&Safety::scan_callback, this, [01;31m[K_1[m[K));
[2.071s]       |                                                                            [01;31m[K^~[m[K
[2.071s]       |                                                                            [32m[Kstd::placeholders::_1[m[K
[2.071s] In file included from [01m[K/usr/include/c++/11/pstl/glue_algorithm_defs.h:13[m[K,
[2.071s]                  from [01m[K/usr/include/c++/11/algorithm:74[m[K,
[2.071s]                  from [01m[K/opt/ros/humble/include/ackermann_msgs/ackermann_msgs/msg/detail/ackermann_drive_stamped__struct.hpp:8[m[K,
[2.071s]                  from [01m[K/opt/ros/humble/include/ackermann_msgs/ackermann_msgs/msg/ackermann_drive_stamped.hpp:7[m[K,
[2.071s]                  from [01m[K/home/gsq/AV-F1TENTH-Labs/lab3_ws/src/wall_follow_node/src/wall_follow_node.cpp:3[m[K:
[2.071s] [01m[K/usr/include/c++/11/functional:225:34:[m[K [01;36m[Knote: [m[Kâ€˜[01m[Kstd::placeholders::_1[m[Kâ€™ declared here
[2.071s]   225 |     extern const _Placeholder<1> [01;36m[K_1[m[K;
[2.071s]       |                                  [01;36m[K^~[m[K
[2.073s] [01m[K/home/gsq/AV-F1TENTH-Labs/lab3_ws/src/wall_follow_node/src/wall_follow_node.cpp:[m[K In member function â€˜[01m[Kdouble WallFollow::get_range(float*, double)[m[Kâ€™:
[2.074s] [01m[K/home/gsq/AV-F1TENTH-Labs/lab3_ws/src/wall_follow_node/src/wall_follow_node.cpp:52:46:[m[K [01;31m[Kerror: [m[Krequest for member â€˜[01m[Ksize[m[Kâ€™ in â€˜[01m[Krange_data[m[Kâ€™, which is of non-class type â€˜[01m[Kfloat*[m[Kâ€™
[2.074s]    52 |         if (index >= 0 && index < range_data.[01;31m[Ksize[m[K()) {
[2.074s]       |                                              [01;31m[K^~~~[m[K
[2.074s] [01m[K/home/gsq/AV-F1TENTH-Labs/lab3_ws/src/wall_follow_node/src/wall_follow_node.cpp:[m[K In member function â€˜[01m[Kdouble WallFollow::get_error(float*, double)[m[Kâ€™:
[2.074s] [01m[K/home/gsq/AV-F1TENTH-Labs/lab3_ws/src/wall_follow_node/src/wall_follow_node.cpp:60:29:[m[K [01;35m[Kwarning: [m[Kunused parameter â€˜[01m[Krange_data[m[Kâ€™ [[01;35m[K]8;;https://gcc.gnu.org/onlinedocs/gcc/Warning-Options.html#index-Wunused-parameter-Wunused-parameter]8;;[m[K]
[2.074s]    60 |     double get_error([01;35m[Kfloat* range_data[m[K, double dist) {
[2.074s]       |                      [01;35m[K~~~~~~~^~~~~~~~~~[m[K
[2.074s] [01m[K/home/gsq/AV-F1TENTH-Labs/lab3_ws/src/wall_follow_node/src/wall_follow_node.cpp:60:48:[m[K [01;35m[Kwarning: [m[Kunused parameter â€˜[01m[Kdist[m[Kâ€™ [[01;35m[K]8;;https://gcc.gnu.org/onlinedocs/gcc/Warning-Options.html#index-Wunused-parameter-Wunused-parameter]8;;[m[K]
[2.074s]    60 |     double get_error(float* range_data, [01;35m[Kdouble dist[m[K) {
[2.074s]       |                                         [01;35m[K~~~~~~~^~~~[m[K
[2.080s] [01m[K/home/gsq/AV-F1TENTH-Labs/lab3_ws/src/wall_follow_node/src/wall_follow_node.cpp:[m[K In member function â€˜[01m[Kvoid WallFollow::pid_control(double, double)[m[Kâ€™:
[2.080s] [01m[K/home/gsq/AV-F1TENTH-Labs/lab3_ws/src/wall_follow_node/src/wall_follow_node.cpp:92:9:[m[K [01;31m[Kerror: [m[Kâ€˜[01m[Kdriver_msg[m[Kâ€™ was not declared in this scope; did you mean â€˜[01m[Kdrive_msg[m[Kâ€™?
[2.080s]    92 |         [01;31m[Kdriver_msg[m[K.drive.speed = 0.0;
[2.080s]       |         [01;31m[K^~~~~~~~~~[m[K
[2.080s]       |         [32m[Kdrive_msg[m[K
[2.080s] [01m[K/home/gsq/AV-F1TENTH-Labs/lab3_ws/src/wall_follow_node/src/wall_follow_node.cpp:88:16:[m[K [01;35m[Kwarning: [m[Kunused variable â€˜[01m[Kangle[m[Kâ€™ [[01;35m[K]8;;https://gcc.gnu.org/onlinedocs/gcc/Warning-Options.html#index-Wunused-variable-Wunused-variable]8;;[m[K]
[2.080s]    88 |         double [01;35m[Kangle[m[K = 0.0;
[2.080s]       |                [01;35m[K^~~~~[m[K
[2.080s] [01m[K/home/gsq/AV-F1TENTH-Labs/lab3_ws/src/wall_follow_node/src/wall_follow_node.cpp:77:29:[m[K [01;35m[Kwarning: [m[Kunused parameter â€˜[01m[Kerror[m[Kâ€™ [[01;35m[K]8;;https://gcc.gnu.org/onlinedocs/gcc/Warning-Options.html#index-Wunused-parameter-Wunused-parameter]8;;[m[K]
[2.080s]    77 |     void pid_control([01;35m[Kdouble error[m[K, double velocity) {
[2.080s]       |                      [01;35m[K~~~~~~~^~~~~[m[K
[2.080s] [01m[K/home/gsq/AV-F1TENTH-Labs/lab3_ws/src/wall_follow_node/src/wall_follow_node.cpp:77:43:[m[K [01;35m[Kwarning: [m[Kunused parameter â€˜[01m[Kvelocity[m[Kâ€™ [[01;35m[K]8;;https://gcc.gnu.org/onlinedocs/gcc/Warning-Options.html#index-Wunused-parameter-Wunused-parameter]8;;[m[K]
[2.080s]    77 |     void pid_control(double error, [01;35m[Kdouble velocity[m[K) {
[2.081s]       |                                    [01;35m[K~~~~~~~^~~~~~~~[m[K
[2.083s] [01m[K/home/gsq/AV-F1TENTH-Labs/lab3_ws/src/wall_follow_node/src/wall_follow_node.cpp:[m[K In member function â€˜[01m[Kvoid WallFollow::scan_callback(sensor_msgs::msg::LaserScan_<std::allocator<void> >::ConstSharedPtr)[m[Kâ€™:
[2.083s] [01m[K/home/gsq/AV-F1TENTH-Labs/lab3_ws/src/wall_follow_node/src/wall_follow_node.cpp:107:27:[m[K [01;31m[Kerror: [m[Kno match for â€˜[01m[Koperator=[m[Kâ€™ (operand types are â€˜[01m[Ksensor_msgs::msg::LaserScan[m[Kâ€™ {aka â€˜[01m[Ksensor_msgs::msg::LaserScan_<std::allocator<void> >[m[Kâ€™} and â€˜[01m[Kconst ConstSharedPtr*[m[Kâ€™ {aka â€˜[01m[Kconst std::shared_ptr<const sensor_msgs::msg::LaserScan_<std::allocator<void> > >*[m[Kâ€™})
[2.083s]   107 |         laser_scan_msg = &[01;31m[Kscan_msg[m[K;
[2.083s]       |                           [01;31m[K^~~~~~~~[m[K
[2.083s] In file included from [01m[K/opt/ros/humble/include/sensor_msgs/sensor_msgs/msg/laser_scan.hpp:7[m[K,
[2.083s]                  from [01m[K/home/gsq/AV-F1TENTH-Labs/lab3_ws/src/wall_follow_node/src/wall_follow_node.cpp:6[m[K:
[2.083s] [01m[K/opt/ros/humble/include/sensor_msgs/sensor_msgs/msg/detail/laser_scan__struct.hpp:36:8:[m[K [01;36m[Knote: [m[Kcandidate: â€˜[01m[Ksensor_msgs::msg::LaserScan_<std::allocator<void> >& sensor_msgs::msg::LaserScan_<std::allocator<void> >::operator=(const sensor_msgs::msg::LaserScan_<std::allocator<void> >&)[m[Kâ€™
[2.083s]    36 | struct [01;36m[KLaserScan_[m[K
[2.083s]       |        [01;36m[K^~~~~~~~~~[m[K
[2.083s] [01m[K/opt/ros/humble/include/sensor_msgs/sensor_msgs/msg/detail/laser_scan__struct.hpp:36:8:[m[K [01;36m[Knote: [m[K  no known conversion for argument 1 from â€˜[01m[Kconst ConstSharedPtr*[m[Kâ€™ {aka â€˜[01m[Kconst std::shared_ptr<const sensor_msgs::msg::LaserScan_<std::allocator<void> > >*[m[Kâ€™} to â€˜[01m[Kconst sensor_msgs::msg::LaserScan_<std::allocator<void> >&[m[Kâ€™
[2.083s] [01m[K/opt/ros/humble/include/sensor_msgs/sensor_msgs/msg/detail/laser_scan__struct.hpp:36:8:[m[K [01;36m[Knote: [m[Kcandidate: â€˜[01m[Ksensor_msgs::msg::LaserScan_<std::allocator<void> >& sensor_msgs::msg::LaserScan_<std::allocator<void> >::operator=(sensor_msgs::msg::LaserScan_<std::allocator<void> >&&)[m[Kâ€™
[2.083s] [01m[K/opt/ros/humble/include/sensor_msgs/sensor_msgs/msg/detail/laser_scan__struct.hpp:36:8:[m[K [01;36m[Knote: [m[K  no known conversion for argument 1 from â€˜[01m[Kconst ConstSharedPtr*[m[Kâ€™ {aka â€˜[01m[Kconst std::shared_ptr<const sensor_msgs::msg::LaserScan_<std::allocator<void> > >*[m[Kâ€™} to â€˜[01m[Ksensor_msgs::msg::LaserScan_<std::allocator<void> >&&[m[Kâ€™
[2.083s] [01m[K/home/gsq/AV-F1TENTH-Labs/lab3_ws/src/wall_follow_node/src/wall_follow_node.cpp:108:44:[m[K [01;31m[Kerror: [m[Kcannot convert â€˜[01m[Kconst _ranges_type[m[Kâ€™ {aka â€˜[01m[Kconst std::vector<float>[m[Kâ€™} to â€˜[01m[Kfloat*[m[Kâ€™
[2.083s]   108 |         double error = get_error([01;31m[Kscan_msg->ranges[m[K, 0.3);  // TODO: replace with error calculated by get_error()
[2.083s]       |                                  [01;31m[K~~~~~~~~~~^~~~~~[m[K
[2.084s]       |                                            [01;31m[K|[m[K
[2.084s]       |                                            [01;31m[Kconst _ranges_type {aka const std::vector<float>}[m[K
[2.084s] [01m[K/home/gsq/AV-F1TENTH-Labs/lab3_ws/src/wall_follow_node/src/wall_follow_node.cpp:60:29:[m[K [01;36m[Knote: [m[K  initializing argument 1 of â€˜[01m[Kdouble WallFollow::get_error(float*, double)[m[Kâ€™
[2.084s]    60 |     double get_error([01;36m[Kfloat* range_data[m[K, double dist) {
[2.084s]       |                      [01;36m[K~~~~~~~^~~~~~~~~~[m[K
[2.084s] [01m[K/home/gsq/AV-F1TENTH-Labs/lab3_ws/src/wall_follow_node/src/wall_follow_node.cpp:108:16:[m[K [01;35m[Kwarning: [m[Kunused variable â€˜[01m[Kerror[m[Kâ€™ [[01;35m[K]8;;https://gcc.gnu.org/onlinedocs/gcc/Warning-Options.html#index-Wunused-variable-Wunused-variable]8;;[m[K]
[2.084s]   108 |         double [01;35m[Kerror[m[K = get_error(scan_msg->ranges, 0.3);  // TODO: replace with error calculated by get_error()
[2.084s]       |                [01;35m[K^~~~~[m[K
[2.084s] [01m[K/home/gsq/AV-F1TENTH-Labs/lab3_ws/src/wall_follow_node/src/wall_follow_node.cpp:109:16:[m[K [01;35m[Kwarning: [m[Kunused variable â€˜[01m[Kvelocity[m[Kâ€™ [[01;35m[K]8;;https://gcc.gnu.org/onlinedocs/gcc/Warning-Options.html#index-Wunused-variable-Wunused-variable]8;;[m[K]
[2.084s]   109 |         double [01;35m[Kvelocity[m[K = 0.0;                            // TODO: calculate desired car velocity based on error
[2.084s]       |                [01;35m[K^~~~~~~~[m[K
[2.733s] gmake[2]: *** [CMakeFiles/wall_follow_node.dir/build.make:76: CMakeFiles/wall_follow_node.dir/src/wall_follow_node.cpp.o] Error 1
[2.734s] gmake[1]: *** [CMakeFiles/Makefile2:137: CMakeFiles/wall_follow_node.dir/all] Error 2
[2.734s] gmake: *** [Makefile:146: all] Error 2
[2.736s] Invoked command in '/home/gsq/AV-F1TENTH-Labs/lab3_ws/build/wall_follow' returned '2': CMAKE_PREFIX_PATH=${CMAKE_PREFIX_PATH}:/opt/ros/humble /usr/bin/cmake --build /home/gsq/AV-F1TENTH-Labs/lab3_ws/build/wall_follow -- -j12 -l12
